<?xml version="1.0" encoding="UTF-8"?>
<robot generator="Robot 7.4.1 (Python 3.14.2 on win32)" generated="2026-01-26T14:04:32.601022" rpa="false" schemaversion="5">
<suite id="s1" name="TC 001" source="C:\Users\Aksorn.t\Documents\automation camp\Lotus\Testcases\TC_001.robot">
<test id="s1-t1" name="test" line="6">
<kw name="Open Lotuss Website" owner="home_page" type="SETUP">
<kw name="Open Website" owner="common">
<msg time="2026-01-26T14:04:33.289164" level="FAIL">Resolving variable '${url.lotuss}' failed: Variable '${url}' not found.</msg>
<arg>${url.lotuss}</arg>
<status status="FAIL" start="2026-01-26T14:04:33.288313" elapsed="0.000927">Resolving variable '${url.lotuss}' failed: Variable '${url}' not found.</status>
</kw>
<status status="FAIL" start="2026-01-26T14:04:33.287821" elapsed="0.001628">Resolving variable '${url.lotuss}' failed: Variable '${url}' not found.</status>
</kw>
<tag>TC_001</tag>
<status status="FAIL" start="2026-01-26T14:04:33.286752" elapsed="0.003006">Setup failed:
Resolving variable '${url.lotuss}' failed: Variable '${url}' not found.</status>
</test>
<status status="FAIL" start="2026-01-26T14:04:32.603671" elapsed="0.686927"/>
</suite>
<statistics>
<total>
<stat pass="0" fail="1" skip="0">All Tests</stat>
</total>
<tag>
<stat pass="0" fail="1" skip="0">TC_001</stat>
</tag>
<suite>
<stat name="TC 001" id="s1" pass="0" fail="1" skip="0">TC 001</stat>
</suite>
</statistics>
<errors>
<msg time="2026-01-26T14:04:33.282082" level="ERROR">Error in file 'C:\Users\Aksorn.t\Documents\automation camp\Lotus\Keywords\import.robot' on line 5: Replacing variables from setting 'Variables' failed: Variable '${env}' not found.</msg>
<msg time="2026-01-26T14:04:33.285488" level="ERROR">Error in file 'C:\Users\Aksorn.t\Documents\automation camp\Lotus\Keywords\import.robot' on line 8: Replacing variables from setting 'Variables' failed: Variable '${env}' not found.</msg>
</errors>
</robot>
